<?xml version="1.0" encoding="UTF-8"?>
<!-- Generated by org.testng.reporters.JUnitReportReporter -->
<testsuite hostname="DESKTOP-Q702D3E" name="com.demo1.onlineshopping.demo1.test1" tests="2" failures="0" timestamp="4 Feb 2022 14:38:21 GMT" time="0.056" errors="0">
  <testcase name="a1" time="0.015" classname="com.demo1.onlineshopping.demo1.test1"/>
  <testcase name="m1" time="0.041" classname="com.demo1.onlineshopping.demo1.test1"/>
</testsuite> <!-- com.demo1.onlineshopping.demo1.test1 -->
